<?xml version="1.0" encoding="UTF-8"?>
<testsuite name="ai.chatty.feature.workspace.NavigationProjectBoundaryTest" tests="2" skipped="0" failures="0" errors="0" timestamp="2026-09-05T14:24:09" hostname="Benjamins-Mac-mini.local" time="0.056">
  <properties/>
  <testcase name="failedDetailRefreshKeepsPageAndPreventsStaleWrite" classname="ai.chatty.feature.workspace.NavigationProjectBoundaryTest" time="0.051"/>
  <testcase name="failedSecondPageRefreshPreservesAllLoadedRowsAndFilter" classname="ai.chatty.feature.workspace.NavigationProjectBoundaryTest" time="0.004"/>
  <system-out><![CDATA[]]></system-out>
  <system-err><![CDATA[]]></system-err>
</testsuite>
