<?xml version="1.0" encoding="UTF-8"?>
<testsuite name="ai.chatty.feature.chat.NavigationChatBoundaryTest" tests="2" skipped="0" failures="0" errors="0" timestamp="2026-09-05T14:58:01" hostname="Benjamins-Mac-mini.local" time="0.082">
  <properties/>
  <testcase name="retainedChatRefreshRecognizesNewRuntimeBinding" classname="ai.chatty.feature.chat.NavigationChatBoundaryTest" time="0.076"/>
  <testcase name="stoppingVisibleChatDoesNotCancelAnInFlightSend" classname="ai.chatty.feature.chat.NavigationChatBoundaryTest" time="0.006"/>
  <system-out><![CDATA[]]></system-out>
  <system-err><![CDATA[]]></system-err>
</testsuite>
