<?xml version="1.0" encoding="UTF-8"?>
<testsuite name="ai.chatty.core.auth.AuthRepositoryTest" tests="3" skipped="0" failures="0" errors="0" timestamp="2026-09-05T14:26:25" hostname="Benjamins-Mac-mini.local" time="0.021">
  <properties/>
  <testcase name="signOutRemovesCredentialAndWorkspace" classname="ai.chatty.core.auth.AuthRepositoryTest" time="0.02"/>
  <testcase name="verifyPersistsTokenAndWorkspaceSelection" classname="ai.chatty.core.auth.AuthRepositoryTest" time="0.001"/>
  <testcase name="emptyTokenIsRejected" classname="ai.chatty.core.auth.AuthRepositoryTest" time="0.0"/>
  <system-out><![CDATA[]]></system-out>
  <system-err><![CDATA[]]></system-err>
</testsuite>
