<?xml version="1.0" encoding="UTF-8"?>
<testsuite name="ai.chatty.core.network.WorkspaceApiTest" tests="3" skipped="0" failures="0" errors="0" timestamp="2026-09-05T14:26:25" hostname="Benjamins-Mac-mini.local" time="0.016">
  <properties/>
  <testcase name="projectPaginationAndScopeUseActualContract" classname="ai.chatty.core.network.WorkspaceApiTest" time="0.005"/>
  <testcase name="settingsShapesHandleNullableOptionalFields" classname="ai.chatty.core.network.WorkspaceApiTest" time="0.007"/>
  <testcase name="progressWriteExplicitlySuppressesRunAndUsesRevision" classname="ai.chatty.core.network.WorkspaceApiTest" time="0.004"/>
  <system-out><![CDATA[]]></system-out>
  <system-err><![CDATA[]]></system-err>
</testsuite>
